#! /usr/bin/vvp
:ivl_version "10.1 (stable)";
:ivl_delay_selection "TYPICAL";
:vpi_time_precision + 0;
:vpi_module "system";
:vpi_module "vhdl_sys";
:vpi_module "v2005_math";
:vpi_module "va_math";
S_0x55c895e41a20 .scope module, "inv1newcell" "inv1newcell" 2 1;
 .timescale 0 0;
    .port_info 0 /INPUT 1 "A"
    .port_info 1 /OUTPUT 1 "Y"
o0x7fbb27b4f018 .functor BUFZ 1, C4<z>; HiZ drive
L_0x55c895e97ce0 .functor NOT 1, o0x7fbb27b4f018, C4<0>, C4<0>, C4<0>;
v0x55c895e77b20_0 .net "A", 0 0, o0x7fbb27b4f018;  0 drivers
v0x55c895e97bc0_0 .net "Y", 0 0, L_0x55c895e97ce0;  1 drivers
# The file index is used to find the file name in the following table.
:file_names 3;
    "N/A";
    "<interactive>";
    "inv1newcell.v";
