#! /usr/bin/vvp
:ivl_version "10.1 (stable)";
:ivl_delay_selection "TYPICAL";
:vpi_time_precision + 0;
:vpi_module "system";
:vpi_module "vhdl_sys";
:vpi_module "v2005_math";
:vpi_module "va_math";
S_0x55b401255390 .scope module, "three_input_NAND" "three_input_NAND" 2 10;
 .timescale 0 0;
    .port_info 0 /INPUT 1 "A"
    .port_info 1 /INPUT 1 "B"
    .port_info 2 /INPUT 1 "C"
    .port_info 3 /OUTPUT 1 "Y"
o0x7fb7e572b1f8 .functor BUFZ 1, C4<z>; HiZ drive
L_0x55b401275f80 .functor NOT 1, o0x7fb7e572b1f8, C4<0>, C4<0>, C4<0>;
v0x55b401275af0_0 .net "A", 0 0, o0x7fb7e572b1f8;  0 drivers
v0x55b401275bd0_0 .net "A_inv", 0 0, L_0x55b401275f80;  1 drivers
o0x7fb7e572b048 .functor BUFZ 1, C4<z>; HiZ drive
v0x55b401275c90_0 .net "B", 0 0, o0x7fb7e572b048;  0 drivers
o0x7fb7e572b078 .functor BUFZ 1, C4<z>; HiZ drive
v0x55b401275d90_0 .net "C", 0 0, o0x7fb7e572b078;  0 drivers
v0x55b401275e60_0 .net "Y", 0 0, L_0x55b401276230;  1 drivers
S_0x55b401255510 .scope module, "g1" "NAND_3" 2 19, 2 1 0, S_0x55b401255390;
 .timescale 0 0;
    .port_info 0 /INPUT 1 "A"
    .port_info 1 /INPUT 1 "B"
    .port_info 2 /INPUT 1 "C"
    .port_info 3 /OUTPUT 1 "Y"
L_0x55b401276040 .functor AND 1, L_0x55b401275f80, o0x7fb7e572b048, C4<1>, C4<1>;
L_0x55b401276100 .functor AND 1, L_0x55b401276040, o0x7fb7e572b078, C4<1>, C4<1>;
L_0x55b401276230 .functor NOT 1, L_0x55b401276100, C4<0>, C4<0>, C4<0>;
v0x55b401255750_0 .net "A", 0 0, L_0x55b401275f80;  alias, 1 drivers
v0x55b401275610_0 .net "B", 0 0, o0x7fb7e572b048;  alias, 0 drivers
v0x55b4012756d0_0 .net "C", 0 0, o0x7fb7e572b078;  alias, 0 drivers
v0x55b4012757a0_0 .net "Y", 0 0, L_0x55b401276230;  alias, 1 drivers
v0x55b401275860_0 .net *"_s0", 0 0, L_0x55b401276040;  1 drivers
v0x55b401275990_0 .net *"_s2", 0 0, L_0x55b401276100;  1 drivers
# The file index is used to find the file name in the following table.
:file_names 3;
    "N/A";
    "<interactive>";
    "three_input_NAND.v";
