#! /usr/bin/vvp
:ivl_version "10.1 (stable)";
:ivl_delay_selection "TYPICAL";
:vpi_time_precision + 0;
:vpi_module "system";
:vpi_module "vhdl_sys";
:vpi_module "v2005_math";
:vpi_module "va_math";
S_0x55e1635261c0 .scope module, "my_dff" "my_dff" 2 1;
 .timescale 0 0;
    .port_info 0 /INPUT 1 "D"
    .port_info 1 /INPUT 1 "clk"
    .port_info 2 /OUTPUT 1 "Q"
o0x7f97f6b5e018 .functor BUFZ 1, C4<z>; HiZ drive
v0x55e1635263d0_0 .net "D", 0 0, o0x7f97f6b5e018;  0 drivers
v0x55e1635464b0_0 .var "Q", 0 0;
o0x7f97f6b5e078 .functor BUFZ 1, C4<z>; HiZ drive
v0x55e163546570_0 .net "clk", 0 0, o0x7f97f6b5e078;  0 drivers
E_0x55e1634efb60 .event negedge, v0x55e163546570_0;
    .scope S_0x55e1635261c0;
T_0 ;
    %wait E_0x55e1634efb60;
    %load/vec4 v0x55e1635263d0_0;
    %assign/vec4 v0x55e1635464b0_0, 0;
    %jmp T_0;
    .thread T_0;
# The file index is used to find the file name in the following table.
:file_names 3;
    "N/A";
    "<interactive>";
    "my_dff.v";
